[01:13:37] [main/INFO]: Using mbed TLS based native cipher.
[01:13:37] [main/INFO]: Using zlib based native compressor.
[01:13:37] [main/INFO]: Enabled Waterfall version git:Waterfall-Bootstrap:1.19-R0.1-SNAPSHOT:3df3a27:526
[01:13:37] [main/INFO]: Not on Windows, attempting to use enhanced EpollEventLoop
[01:13:37] [main/INFO]: Epoll is working, utilising it!
[01:13:37] [main/INFO]: Discovered module: ModuleSpec(name=cmd_alert, file=modules/cmd_alert.jar, provider=JenkinsModuleSource())
[01:13:37] [main/INFO]: Discovered module: ModuleSpec(name=cmd_find, file=modules/cmd_find.jar, provider=JenkinsModuleSource())
[01:13:37] [main/INFO]: Discovered module: ModuleSpec(name=cmd_list, file=modules/cmd_list.jar, provider=JenkinsModuleSource())
[01:13:37] [main/INFO]: Discovered module: ModuleSpec(name=cmd_send, file=modules/cmd_send.jar, provider=JenkinsModuleSource())
[01:13:37] [main/INFO]: Discovered module: ModuleSpec(name=cmd_server, file=modules/cmd_server.jar, provider=JenkinsModuleSource())
[01:13:37] [main/INFO]: Discovered module: ModuleSpec(name=reconnect_yaml, file=modules/reconnect_yaml.jar, provider=JenkinsModuleSource())
[01:13:37] [main/INFO]: Loaded plugin reconnect_yaml version git:reconnect_yaml:1.19-R0.1-SNAPSHOT:3df3a27:526 by WaterfallMC
[01:13:37] [main/INFO]: Loaded plugin cmd_find version git:cmd_find:1.19-R0.1-SNAPSHOT:3df3a27:526 by WaterfallMC
[01:13:37] [main/INFO]: Loaded plugin cmd_server version git:cmd_server:1.19-R0.1-SNAPSHOT:3df3a27:526 by WaterfallMC
[01:13:37] [main/INFO]: Loaded plugin cmd_alert version git:cmd_alert:1.19-R0.1-SNAPSHOT:3df3a27:526 by WaterfallMC
[01:13:37] [main/INFO]: Loaded plugin cmd_send version git:cmd_send:1.19-R0.1-SNAPSHOT:3df3a27:526 by WaterfallMC
[01:13:37] [main/INFO]: Loaded plugin cmd_list version git:cmd_list:1.19-R0.1-SNAPSHOT:3df3a27:526 by WaterfallMC
[01:13:38] [main/INFO] [EaglercraftXBungee]: Loading vanilla profile: lax1dude
[01:13:39] [Skin Download Thread #1/INFO] [EaglercraftXBungee]: Loaded vanilla profile: lax1dude
[01:13:39] [main/INFO]: Loaded plugin EaglercraftXBungee version 1.0.6 by lax1dude
[01:13:39] [main/WARN]: Could not load server icon
java.lang.IllegalArgumentException: Server icon must be exactly 64x64 pixels
	at net.md_5.bungee.api.Favicon.create(Favicon.java:80) ~[bungee.jar:git:Waterfall-Bootstrap:1.19-R0.1-SNAPSHOT:3df3a27:526]
	at net.md_5.bungee.conf.Configuration.load(Configuration.java:89) ~[bungee.jar:git:Waterfall-Bootstrap:1.19-R0.1-SNAPSHOT:3df3a27:526]
	at io.github.waterfallmc.waterfall.conf.WaterfallConfiguration.load(WaterfallConfiguration.java:67) ~[bungee.jar:git:Waterfall-Bootstrap:1.19-R0.1-SNAPSHOT:3df3a27:526]
	at net.md_5.bungee.BungeeCord.start(BungeeCord.java:288) ~[bungee.jar:git:Waterfall-Bootstrap:1.19-R0.1-SNAPSHOT:3df3a27:526]
	at net.md_5.bungee.BungeeCordLauncher.main(BungeeCordLauncher.java:67) ~[bungee.jar:git:Waterfall-Bootstrap:1.19-R0.1-SNAPSHOT:3df3a27:526]
	at net.md_5.bungee.Bootstrap.main(Bootstrap.java:15) ~[bungee.jar:git:Waterfall-Bootstrap:1.19-R0.1-SNAPSHOT:3df3a27:526]
[01:13:39] [main/WARN]: Forced host server pvp is not defined
[01:13:39] [main/INFO]: Enabled plugin reconnect_yaml version git:reconnect_yaml:1.19-R0.1-SNAPSHOT:3df3a27:526 by WaterfallMC
[01:13:39] [main/INFO]: Enabled plugin cmd_find version git:cmd_find:1.19-R0.1-SNAPSHOT:3df3a27:526 by WaterfallMC
[01:13:39] [main/INFO]: Enabled plugin cmd_server version git:cmd_server:1.19-R0.1-SNAPSHOT:3df3a27:526 by WaterfallMC
[01:13:39] [main/INFO]: Enabled plugin cmd_alert version git:cmd_alert:1.19-R0.1-SNAPSHOT:3df3a27:526 by WaterfallMC
[01:13:39] [main/INFO]: Enabled plugin cmd_send version git:cmd_send:1.19-R0.1-SNAPSHOT:3df3a27:526 by WaterfallMC
[01:13:39] [main/INFO]: Enabled plugin cmd_list version git:cmd_list:1.19-R0.1-SNAPSHOT:3df3a27:526 by WaterfallMC
[01:13:39] [main/ERROR] [EaglercraftXBungee]: Online mode is set to false! Authentication system has been disabled
[01:13:39] [Netty Worker IO Thread #0/INFO] [EaglercraftXBungee]: Eaglercraft is listening on: /0.0.0.0:8081
[01:13:39] [main/INFO] [EaglercraftXBungee]: Connected to database: jdbc:sqlite:eaglercraft_skins_cache.db
[01:13:39] [main/INFO]: Enabled plugin EaglercraftXBungee version 1.0.6 by lax1dude
[01:13:39] [Netty Boss IO Thread #0/WARN]: Could not bind to host /51.81.179.6:41739
io.netty.channel.unix.Errors$NativeIoException: bind(..) failed: Cannot assign requested address
